<?xml version="1.0" encoding="UTF-8"?>
<!-- Generated by org.testng.reporters.JUnitXMLReporter -->
<testsuite ignored="0" hostname="LAPTOP-UE76RL0P" failures="3" tests="3" name="Test" time="0.069" errors="0" timestamp="2023-04-22T13:52:55 IST">
  <testcase classname="Base.ExcelSheetRead_Write" name="lunchBrowser1" time="0.0">
    <failure type="org.testng.TestNGException" message="
Cannot inject @Test annotated Method [lunchBrowser1] with [class java.lang.String, int, int, class java.lang.String].
For more information on native dependency injection please refer to https://testng.org/doc/documentation-main.html#native-dependency-injection">
      <![CDATA[org.testng.TestNGException: 
Cannot inject @Test annotated Method [lunchBrowser1] with [class java.lang.String, int, int, class java.lang.String].
For more information on native dependency injection please refer to https://testng.org/doc/documentation-main.html#native-dependency-injection
at java.base/java.util.ArrayList.forEach(ArrayList.java:1511)
... Removed 26 stack frames]]>
    </failure>
  </testcase> <!-- lunchBrowser1 -->
  <testcase classname="Base.ExcelSheetRead_Write" name="lunchBrowser" time="0.0">
    <failure type="org.testng.TestNGException" message="
Cannot inject @Test annotated Method [lunchBrowser] with [class java.lang.String, int, int, class java.lang.String, class java.lang.String, class java.lang.String].
For more information on native dependency injection please refer to https://testng.org/doc/documentation-main.html#native-dependency-injection">
      <![CDATA[org.testng.TestNGException: 
Cannot inject @Test annotated Method [lunchBrowser] with [class java.lang.String, int, int, class java.lang.String, class java.lang.String, class java.lang.String].
For more information on native dependency injection please refer to https://testng.org/doc/documentation-main.html#native-dependency-injection
at java.base/java.util.ArrayList.forEach(ArrayList.java:1511)
... Removed 26 stack frames]]>
    </failure>
  </testcase> <!-- lunchBrowser -->
  <testcase classname="Base.ExcelSheetRead_Write" name="WriteExcel" time="0.0">
    <failure type="org.testng.TestNGException" message="
Cannot inject @Test annotated Method [WriteExcel] with [class java.lang.String, int, int, class java.lang.String].
For more information on native dependency injection please refer to https://testng.org/doc/documentation-main.html#native-dependency-injection">
      <![CDATA[org.testng.TestNGException: 
Cannot inject @Test annotated Method [WriteExcel] with [class java.lang.String, int, int, class java.lang.String].
For more information on native dependency injection please refer to https://testng.org/doc/documentation-main.html#native-dependency-injection
at java.base/java.util.ArrayList.forEach(ArrayList.java:1511)
... Removed 26 stack frames]]>
    </failure>
  </testcase> <!-- WriteExcel -->
</testsuite> <!-- Test -->
